[2019-10-16 10:46:41.730][main][INFO][org.springframework.boot.SpringApplication][597]:The following profiles are active: dev
[2019-10-16 10:46:41.753][main][INFO][org.springframework.context.support.AbstractApplicationContext][583]:Refreshing org.springframework.boot.context.embedded.AnnotationConfigEmbeddedWebApplicationContext@6e57e95e: startup date [Wed Oct 16 10:46:41 CST 2019]; parent: org.springframework.context.annotation.AnnotationConfigApplicationContext@20bd8be5
[2019-10-16 10:46:43.770][main][INFO][org.springframework.integration.config.IntegrationRegistrar][341]:No bean named 'integrationHeaderChannelRegistry' has been explicitly defined. Therefore, a default DefaultHeaderChannelRegistry will be created.
[2019-10-16 10:46:44.016][main][INFO][org.springframework.data.repository.config.RepositoryConfigurationDelegate][165]:Multiple Spring Data modules found, entering strict repository configuration mode!
[2019-10-16 10:46:44.972][main][INFO][org.springframework.cloud.context.scope.GenericScope][288]:BeanFactory id=0a4cbee5-7535-3109-a425-82e585f52cad
[2019-10-16 10:46:45.003][main][INFO][org.springframework.integration.config.DefaultConfiguringBeanFactoryPostProcessor][130]:No bean named 'errorChannel' has been explicitly defined. Therefore, a default PublishSubscribeChannel will be created.
[2019-10-16 10:46:45.015][main][INFO][org.springframework.integration.config.DefaultConfiguringBeanFactoryPostProcessor][158]:No bean named 'taskScheduler' has been explicitly defined. Therefore, a default ThreadPoolTaskScheduler will be created.
[2019-10-16 10:46:45.038][main][INFO][org.springframework.beans.factory.annotation.AutowiredAnnotationBeanPostProcessor][155]:JSR-330 'javax.inject.Inject' annotation found and supported for autowiring
[2019-10-16 10:46:45.320][main][INFO][org.springframework.context.support.PostProcessorRegistrationDelegate$BeanPostProcessorChecker][327]:Bean 'org.springframework.kafka.annotation.KafkaBootstrapConfiguration' of type [org.springframework.kafka.annotation.KafkaBootstrapConfiguration$$EnhancerBySpringCGLIB$$6826f68] is not eligible for getting processed by all BeanPostProcessors (for example: not eligible for auto-proxying)
[2019-10-16 10:46:45.485][main][INFO][org.springframework.context.support.PostProcessorRegistrationDelegate$BeanPostProcessorChecker][327]:Bean 'org.springframework.transaction.annotation.ProxyTransactionManagementConfiguration' of type [org.springframework.transaction.annotation.ProxyTransactionManagementConfiguration$$EnhancerBySpringCGLIB$$32d05de5] is not eligible for getting processed by all BeanPostProcessors (for example: not eligible for auto-proxying)
[2019-10-16 10:46:45.984][main][INFO][org.springframework.context.support.PostProcessorRegistrationDelegate$BeanPostProcessorChecker][327]:Bean 'org.springframework.cloud.netflix.metrics.MetricsInterceptorConfiguration$MetricsRestTemplateConfiguration' of type [org.springframework.cloud.netflix.metrics.MetricsInterceptorConfiguration$MetricsRestTemplateConfiguration$$EnhancerBySpringCGLIB$$64fd0426] is not eligible for getting processed by all BeanPostProcessors (for example: not eligible for auto-proxying)
[2019-10-16 10:46:46.083][main][INFO][org.springframework.context.support.PostProcessorRegistrationDelegate$BeanPostProcessorChecker][327]:Bean 'integrationGlobalProperties' of type [org.springframework.beans.factory.config.PropertiesFactoryBean] is not eligible for getting processed by all BeanPostProcessors (for example: not eligible for auto-proxying)
[2019-10-16 10:46:46.088][main][INFO][org.springframework.context.support.PostProcessorRegistrationDelegate$BeanPostProcessorChecker][327]:Bean 'integrationGlobalProperties' of type [java.util.Properties] is not eligible for getting processed by all BeanPostProcessors (for example: not eligible for auto-proxying)
[2019-10-16 10:46:46.213][main][INFO][org.springframework.context.support.PostProcessorRegistrationDelegate$BeanPostProcessorChecker][327]:Bean 'org.springframework.cloud.autoconfigure.ConfigurationPropertiesRebinderAutoConfiguration' of type [org.springframework.cloud.autoconfigure.ConfigurationPropertiesRebinderAutoConfiguration$$EnhancerBySpringCGLIB$$4eea60e2] is not eligible for getting processed by all BeanPostProcessors (for example: not eligible for auto-proxying)
[2019-10-16 10:46:47.247][main][INFO][org.springframework.boot.context.embedded.tomcat.TomcatEmbeddedServletContainer][92]:Tomcat initialized with port(s): 8310 (http)
[2019-10-16 10:46:47.282][main][INFO][org.apache.juli.logging.DirectJDKLog][180]:Initializing ProtocolHandler ["http-nio-8310"]
[2019-10-16 10:46:47.314][main][INFO][org.apache.juli.logging.DirectJDKLog][180]:Starting service [Tomcat]
[2019-10-16 10:46:47.316][main][INFO][org.apache.juli.logging.DirectJDKLog][180]:Starting Servlet Engine: Apache Tomcat/8.5.35
[2019-10-16 10:46:47.825][localhost-startStop-1][INFO][org.apache.juli.logging.DirectJDKLog][180]:Initializing Spring embedded WebApplicationContext
[2019-10-16 10:46:47.826][localhost-startStop-1][INFO][org.springframework.boot.context.embedded.EmbeddedWebApplicationContext][287]:Root WebApplicationContext: initialization completed in 6073 ms
[2019-10-16 10:46:48.962][localhost-startStop-1][INFO][org.springframework.boot.web.servlet.ServletRegistrationBean][191]:Mapping servlet: 'dispatcherServlet' to [/]
[2019-10-16 10:46:48.964][localhost-startStop-1][INFO][org.springframework.boot.web.servlet.ServletRegistrationBean][191]:Mapping servlet: 'statViewServlet' to [/druid/*]
[2019-10-16 10:46:48.971][localhost-startStop-1][INFO][org.springframework.boot.web.servlet.AbstractFilterRegistrationBean][259]:Mapping filter: 'metricsFilter' to: [/*]
[2019-10-16 10:46:48.972][localhost-startStop-1][INFO][org.springframework.boot.web.servlet.AbstractFilterRegistrationBean][259]:Mapping filter: 'characterEncodingFilter' to: [/*]
[2019-10-16 10:46:48.973][localhost-startStop-1][INFO][org.springframework.boot.web.servlet.AbstractFilterRegistrationBean][259]:Mapping filter: 'hiddenHttpMethodFilter' to: [/*]
[2019-10-16 10:46:48.973][localhost-startStop-1][INFO][org.springframework.boot.web.servlet.AbstractFilterRegistrationBean][259]:Mapping filter: 'httpPutFormContentFilter' to: [/*]
[2019-10-16 10:46:48.974][localhost-startStop-1][INFO][org.springframework.boot.web.servlet.AbstractFilterRegistrationBean][259]:Mapping filter: 'requestContextFilter' to: [/*]
[2019-10-16 10:46:48.974][localhost-startStop-1][INFO][org.springframework.boot.web.servlet.AbstractFilterRegistrationBean][259]:Mapping filter: 'webRequestLoggingFilter' to: [/*]
[2019-10-16 10:46:48.974][localhost-startStop-1][INFO][org.springframework.boot.web.servlet.AbstractFilterRegistrationBean][272]:Mapping filter: 'webStatFilter' to urls: [/*]
[2019-10-16 10:46:48.975][localhost-startStop-1][INFO][org.springframework.boot.web.servlet.AbstractFilterRegistrationBean][259]:Mapping filter: 'applicationContextIdFilter' to: [/*]
[2019-10-16 10:46:49.430][main][INFO][com.netflix.config.sources.URLConfigurationSource][122]:To enable URLs as dynamic configuration sources, define System property archaius.configurationSource.additionalUrls or make config.properties available on classpath.
[2019-10-16 10:46:49.445][main][INFO][com.netflix.config.sources.URLConfigurationSource][122]:To enable URLs as dynamic configuration sources, define System property archaius.configurationSource.additionalUrls or make config.properties available on classpath.
[2019-10-16 10:46:50.180][main][INFO][org.springframework.web.servlet.mvc.method.annotation.RequestMappingHandlerAdapter][556]:Looking for @ControllerAdvice: org.springframework.boot.context.embedded.AnnotationConfigEmbeddedWebApplicationContext@6e57e95e: startup date [Wed Oct 16 10:46:41 CST 2019]; parent: org.springframework.context.annotation.AnnotationConfigApplicationContext@20bd8be5
[2019-10-16 10:46:50.436][main][INFO][org.springframework.web.servlet.handler.AbstractHandlerMethodMapping$MappingRegistry][544]:Mapped "{[/error]}" onto public org.springframework.http.ResponseEntity<java.util.Map<java.lang.String, java.lang.Object>> org.springframework.boot.autoconfigure.web.BasicErrorController.error(javax.servlet.http.HttpServletRequest)
[2019-10-16 10:46:50.438][main][INFO][org.springframework.web.servlet.handler.AbstractHandlerMethodMapping$MappingRegistry][544]:Mapped "{[/error],produces=[text/html]}" onto public org.springframework.web.servlet.ModelAndView org.springframework.boot.autoconfigure.web.BasicErrorController.errorHtml(javax.servlet.http.HttpServletRequest,javax.servlet.http.HttpServletResponse)
[2019-10-16 10:46:50.547][main][INFO][org.springframework.web.servlet.handler.AbstractUrlHandlerMapping][362]:Mapped URL path [/webjars/**] onto handler of type [class org.springframework.web.servlet.resource.ResourceHttpRequestHandler]
[2019-10-16 10:46:50.548][main][INFO][org.springframework.web.servlet.handler.AbstractUrlHandlerMapping][362]:Mapped URL path [/**] onto handler of type [class org.springframework.web.servlet.resource.ResourceHttpRequestHandler]
[2019-10-16 10:46:50.660][main][INFO][org.springframework.web.servlet.handler.AbstractUrlHandlerMapping][362]:Mapped URL path [/**/favicon.ico] onto handler of type [class org.springframework.web.servlet.resource.ResourceHttpRequestHandler]
[2019-10-16 10:46:53.085][main][INFO][com.alibaba.druid.spring.boot.autoconfigure.DruidDataSourceAutoConfigure][56]:Init DruidDataSource
[2019-10-16 10:46:54.287][main][INFO][com.alibaba.druid.pool.DruidDataSource][930]:{dataSource-1} inited
[2019-10-16 10:46:56.425][main][INFO][org.springframework.scheduling.concurrent.ExecutorConfigurationSupport][166]:Initializing ExecutorService 'taskScheduler'
[2019-10-16 10:46:57.057][main][INFO][org.springframework.web.servlet.handler.AbstractHandlerMethodMapping$MappingRegistry][544]:Mapped "{[/env/{name:.*}],methods=[GET],produces=[application/vnd.spring-boot.actuator.v1+json || application/json]}" onto public java.lang.Object org.springframework.boot.actuate.endpoint.mvc.EnvironmentMvcEndpoint.value(java.lang.String)
[2019-10-16 10:46:57.058][main][INFO][org.springframework.web.servlet.handler.AbstractHandlerMethodMapping$MappingRegistry][544]:Mapped "{[/env || /env.json],methods=[GET],produces=[application/vnd.spring-boot.actuator.v1+json || application/json]}" onto public java.lang.Object org.springframework.boot.actuate.endpoint.mvc.EndpointMvcAdapter.invoke()
[2019-10-16 10:46:57.059][main][INFO][org.springframework.web.servlet.handler.AbstractHandlerMethodMapping$MappingRegistry][544]:Mapped "{[/beans || /beans.json],methods=[GET],produces=[application/vnd.spring-boot.actuator.v1+json || application/json]}" onto public java.lang.Object org.springframework.boot.actuate.endpoint.mvc.EndpointMvcAdapter.invoke()
[2019-10-16 10:46:57.060][main][INFO][org.springframework.web.servlet.handler.AbstractHandlerMethodMapping$MappingRegistry][544]:Mapped "{[/autoconfig || /autoconfig.json],methods=[GET],produces=[application/vnd.spring-boot.actuator.v1+json || application/json]}" onto public java.lang.Object org.springframework.boot.actuate.endpoint.mvc.EndpointMvcAdapter.invoke()
[2019-10-16 10:46:57.062][main][INFO][org.springframework.web.servlet.handler.AbstractHandlerMethodMapping$MappingRegistry][544]:Mapped "{[/info || /info.json],methods=[GET],produces=[application/vnd.spring-boot.actuator.v1+json || application/json]}" onto public java.lang.Object org.springframework.boot.actuate.endpoint.mvc.EndpointMvcAdapter.invoke()
[2019-10-16 10:46:57.066][main][INFO][org.springframework.web.servlet.handler.AbstractHandlerMethodMapping$MappingRegistry][544]:Mapped "{[/loggers/{name:.*}],methods=[GET],produces=[application/vnd.spring-boot.actuator.v1+json || application/json]}" onto public java.lang.Object org.springframework.boot.actuate.endpoint.mvc.LoggersMvcEndpoint.get(java.lang.String)
[2019-10-16 10:46:57.067][main][INFO][org.springframework.web.servlet.handler.AbstractHandlerMethodMapping$MappingRegistry][544]:Mapped "{[/loggers/{name:.*}],methods=[POST],consumes=[application/vnd.spring-boot.actuator.v1+json || application/json],produces=[application/vnd.spring-boot.actuator.v1+json || application/json]}" onto public java.lang.Object org.springframework.boot.actuate.endpoint.mvc.LoggersMvcEndpoint.set(java.lang.String,java.util.Map<java.lang.String, java.lang.String>)
[2019-10-16 10:46:57.068][main][INFO][org.springframework.web.servlet.handler.AbstractHandlerMethodMapping$MappingRegistry][544]:Mapped "{[/loggers || /loggers.json],methods=[GET],produces=[application/vnd.spring-boot.actuator.v1+json || application/json]}" onto public java.lang.Object org.springframework.boot.actuate.endpoint.mvc.EndpointMvcAdapter.invoke()
[2019-10-16 10:46:57.070][main][INFO][org.springframework.web.servlet.handler.AbstractHandlerMethodMapping$MappingRegistry][544]:Mapped "{[/configprops || /configprops.json],methods=[GET],produces=[application/vnd.spring-boot.actuator.v1+json || application/json]}" onto public java.lang.Object org.springframework.boot.actuate.endpoint.mvc.EndpointMvcAdapter.invoke()
[2019-10-16 10:46:57.072][main][INFO][org.springframework.web.servlet.handler.AbstractHandlerMethodMapping$MappingRegistry][544]:Mapped "{[/auditevents || /auditevents.json],methods=[GET],produces=[application/vnd.spring-boot.actuator.v1+json || application/json]}" onto public org.springframework.http.ResponseEntity<?> org.springframework.boot.actuate.endpoint.mvc.AuditEventsMvcEndpoint.findByPrincipalAndAfterAndType(java.lang.String,java.util.Date,java.lang.String)
[2019-10-16 10:46:57.073][main][INFO][org.springframework.web.servlet.handler.AbstractHandlerMethodMapping$MappingRegistry][544]:Mapped "{[/archaius || /archaius.json],methods=[GET],produces=[application/vnd.spring-boot.actuator.v1+json || application/json]}" onto public java.lang.Object org.springframework.boot.actuate.endpoint.mvc.EndpointMvcAdapter.invoke()
[2019-10-16 10:46:57.074][main][INFO][org.springframework.web.servlet.handler.AbstractHandlerMethodMapping$MappingRegistry][544]:Mapped "{[/dump || /dump.json],methods=[GET],produces=[application/vnd.spring-boot.actuator.v1+json || application/json]}" onto public java.lang.Object org.springframework.boot.actuate.endpoint.mvc.EndpointMvcAdapter.invoke()
[2019-10-16 10:46:57.075][main][INFO][org.springframework.web.servlet.handler.AbstractHandlerMethodMapping$MappingRegistry][544]:Mapped "{[/service-registry/instance-status],methods=[GET]}" onto public org.springframework.http.ResponseEntity org.springframework.cloud.client.serviceregistry.endpoint.ServiceRegistryEndpoint.getStatus()
[2019-10-16 10:46:57.076][main][INFO][org.springframework.web.servlet.handler.AbstractHandlerMethodMapping$MappingRegistry][544]:Mapped "{[/service-registry/instance-status],methods=[POST]}" onto public org.springframework.http.ResponseEntity<?> org.springframework.cloud.client.serviceregistry.endpoint.ServiceRegistryEndpoint.setStatus(java.lang.String)
[2019-10-16 10:46:57.077][main][INFO][org.springframework.web.servlet.handler.AbstractHandlerMethodMapping$MappingRegistry][544]:Mapped "{[/features || /features.json],methods=[GET],produces=[application/vnd.spring-boot.actuator.v1+json || application/json]}" onto public java.lang.Object org.springframework.boot.actuate.endpoint.mvc.EndpointMvcAdapter.invoke()
[2019-10-16 10:46:57.078][main][INFO][org.springframework.web.servlet.handler.AbstractHandlerMethodMapping$MappingRegistry][544]:Mapped "{[/env],methods=[POST]}" onto public java.lang.Object org.springframework.cloud.context.environment.EnvironmentManagerMvcEndpoint.value(java.util.Map<java.lang.String, java.lang.String>)
[2019-10-16 10:46:57.078][main][INFO][org.springframework.web.servlet.handler.AbstractHandlerMethodMapping$MappingRegistry][544]:Mapped "{[/env/reset],methods=[POST]}" onto public java.util.Map<java.lang.String, java.lang.Object> org.springframework.cloud.context.environment.EnvironmentManagerMvcEndpoint.reset()
[2019-10-16 10:46:57.079][main][INFO][org.springframework.web.servlet.handler.AbstractHandlerMethodMapping$MappingRegistry][544]:Mapped "{[/mappings || /mappings.json],methods=[GET],produces=[application/vnd.spring-boot.actuator.v1+json || application/json]}" onto public java.lang.Object org.springframework.boot.actuate.endpoint.mvc.EndpointMvcAdapter.invoke()
[2019-10-16 10:46:57.082][main][INFO][org.springframework.web.servlet.handler.AbstractHandlerMethodMapping$MappingRegistry][544]:Mapped "{[/heapdump || /heapdump.json],methods=[GET],produces=[application/octet-stream]}" onto public void org.springframework.boot.actuate.endpoint.mvc.HeapdumpMvcEndpoint.invoke(boolean,javax.servlet.http.HttpServletRequest,javax.servlet.http.HttpServletResponse) throws java.io.IOException,javax.servlet.ServletException
[2019-10-16 10:46:57.083][main][INFO][org.springframework.web.servlet.handler.AbstractHandlerMethodMapping$MappingRegistry][544]:Mapped "{[/metrics/{name:.*}],methods=[GET],produces=[application/vnd.spring-boot.actuator.v1+json || application/json]}" onto public java.lang.Object org.springframework.boot.actuate.endpoint.mvc.MetricsMvcEndpoint.value(java.lang.String)
[2019-10-16 10:46:57.084][main][INFO][org.springframework.web.servlet.handler.AbstractHandlerMethodMapping$MappingRegistry][544]:Mapped "{[/metrics || /metrics.json],methods=[GET],produces=[application/vnd.spring-boot.actuator.v1+json || application/json]}" onto public java.lang.Object org.springframework.boot.actuate.endpoint.mvc.EndpointMvcAdapter.invoke()
[2019-10-16 10:46:57.085][main][INFO][org.springframework.web.servlet.handler.AbstractHandlerMethodMapping$MappingRegistry][544]:Mapped "{[/health || /health.json],methods=[GET],produces=[application/vnd.spring-boot.actuator.v1+json || application/json]}" onto public java.lang.Object org.springframework.boot.actuate.endpoint.mvc.HealthMvcEndpoint.invoke(javax.servlet.http.HttpServletRequest,java.security.Principal)
[2019-10-16 10:46:57.086][main][INFO][org.springframework.web.servlet.handler.AbstractHandlerMethodMapping$MappingRegistry][544]:Mapped "{[/refresh || /refresh.json],methods=[POST]}" onto public java.lang.Object org.springframework.cloud.endpoint.GenericPostableMvcEndpoint.invoke()
[2019-10-16 10:46:57.088][main][INFO][org.springframework.web.servlet.handler.AbstractHandlerMethodMapping$MappingRegistry][544]:Mapped "{[/trace || /trace.json],methods=[GET],produces=[application/vnd.spring-boot.actuator.v1+json || application/json]}" onto public java.lang.Object org.springframework.boot.actuate.endpoint.mvc.EndpointMvcAdapter.invoke()
[2019-10-16 10:46:57.637][main][INFO][org.springframework.ui.freemarker.SpringTemplateLoader][61]:SpringTemplateLoader for FreeMarker: using resource loader [org.springframework.boot.context.embedded.AnnotationConfigEmbeddedWebApplicationContext@6e57e95e: startup date [Wed Oct 16 10:46:41 CST 2019]; parent: org.springframework.context.annotation.AnnotationConfigApplicationContext@20bd8be5] and template loader path [classpath:/templates/]
[2019-10-16 10:46:57.640][main][INFO][org.springframework.web.servlet.view.freemarker.FreeMarkerConfigurer][127]:ClassTemplateLoader for Spring macros added to FreeMarker configuration
[2019-10-16 10:47:00.228][main][INFO][org.springframework.integration.codec.kryo.CompositeKryoRegistrar][74]:configured Kryo registration [40, java.io.File] with serializer org.springframework.integration.codec.kryo.FileSerializer
[2019-10-16 10:47:00.601][main][INFO][org.springframework.jmx.export.MBeanExporter][431]:Registering beans for JMX exposure on startup
[2019-10-16 10:47:00.613][main][INFO][org.springframework.jmx.export.MBeanExporter][918]:Bean with name 'statFilter' has been autodetected for JMX exposure
[2019-10-16 10:47:00.615][main][INFO][org.springframework.jmx.export.MBeanExporter][918]:Bean with name 'dataSource' has been autodetected for JMX exposure
[2019-10-16 10:47:00.635][main][INFO][org.springframework.jmx.export.MBeanExporter][918]:Bean with name 'integrationMbeanExporter' has been autodetected for JMX exposure
[2019-10-16 10:47:00.639][main][INFO][org.springframework.jmx.export.MBeanExporter][918]:Bean with name 'configurationPropertiesRebinder' has been autodetected for JMX exposure
[2019-10-16 10:47:00.640][main][INFO][org.springframework.jmx.export.MBeanExporter][918]:Bean with name 'refreshEndpoint' has been autodetected for JMX exposure
[2019-10-16 10:47:00.642][main][INFO][org.springframework.jmx.export.MBeanExporter][918]:Bean with name 'environmentManager' has been autodetected for JMX exposure
[2019-10-16 10:47:00.644][main][INFO][org.springframework.jmx.export.MBeanExporter][918]:Bean with name 'serviceRegistryEndpoint' has been autodetected for JMX exposure
[2019-10-16 10:47:00.649][main][INFO][org.springframework.jmx.export.MBeanExporter][918]:Bean with name 'refreshScope' has been autodetected for JMX exposure
[2019-10-16 10:47:00.664][main][INFO][org.springframework.jmx.export.MBeanExporter][679]:Located managed bean 'environmentManager': registering with JMX server as MBean [org.springframework.cloud.context.environment:name=environmentManager,type=EnvironmentManager]
[2019-10-16 10:47:00.740][main][INFO][org.springframework.jmx.export.MBeanExporter][679]:Located managed bean 'serviceRegistryEndpoint': registering with JMX server as MBean [org.springframework.cloud.client.serviceregistry.endpoint:name=serviceRegistryEndpoint,type=ServiceRegistryEndpoint]
[2019-10-16 10:47:00.767][main][INFO][org.springframework.jmx.export.MBeanExporter][679]:Located managed bean 'refreshScope': registering with JMX server as MBean [org.springframework.cloud.context.scope.refresh:name=refreshScope,type=RefreshScope]
[2019-10-16 10:47:00.801][main][INFO][org.springframework.jmx.export.MBeanExporter][679]:Located managed bean 'integrationMbeanExporter': registering with JMX server as MBean [org.springframework.integration.monitor:name=integrationMbeanExporter,type=IntegrationMBeanExporter]
[2019-10-16 10:47:00.879][main][INFO][org.springframework.jmx.export.MBeanExporter][679]:Located managed bean 'configurationPropertiesRebinder': registering with JMX server as MBean [org.springframework.cloud.context.properties:name=configurationPropertiesRebinder,context=6e57e95e,type=ConfigurationPropertiesRebinder]
[2019-10-16 10:47:00.885][main][INFO][org.springframework.jmx.export.MBeanExporter][672]:Located MBean 'dataSource': registering with JMX server as MBean [com.alibaba.druid.spring.boot.autoconfigure:name=dataSource,type=DruidDataSourceWrapper]
[2019-10-16 10:47:00.890][main][INFO][org.springframework.jmx.export.MBeanExporter][679]:Located managed bean 'refreshEndpoint': registering with JMX server as MBean [org.springframework.cloud.endpoint:name=refreshEndpoint,type=RefreshEndpoint]
[2019-10-16 10:47:00.897][main][INFO][org.springframework.jmx.export.MBeanExporter][672]:Located MBean 'statFilter': registering with JMX server as MBean [com.alibaba.druid.filter.stat:name=statFilter,type=StatFilter]
[2019-10-16 10:47:00.909][main][INFO][org.springframework.jmx.export.MBeanExporter][431]:Registering beans for JMX exposure on startup
[2019-10-16 10:47:00.910][main][INFO][org.springframework.integration.monitor.IntegrationMBeanExporter][647]:Registering MessageChannel errorChannel
[2019-10-16 10:47:00.916][main][INFO][org.springframework.jmx.export.MBeanExporter][679]:Located managed bean 'org.springframework.integration:type=MessageChannel,name=errorChannel': registering with JMX server as MBean [org.springframework.integration:type=MessageChannel,name=errorChannel]
[2019-10-16 10:47:00.980][main][INFO][org.springframework.integration.monitor.IntegrationMBeanExporter][647]:Registering MessageChannel nullChannel
[2019-10-16 10:47:00.982][main][INFO][org.springframework.jmx.export.MBeanExporter][679]:Located managed bean 'org.springframework.integration:type=MessageChannel,name=nullChannel': registering with JMX server as MBean [org.springframework.integration:type=MessageChannel,name=nullChannel]
[2019-10-16 10:47:00.999][main][INFO][org.springframework.integration.monitor.IntegrationMBeanExporter][664]:Registering MessageHandler errorLogger
[2019-10-16 10:47:01.001][main][INFO][org.springframework.jmx.export.MBeanExporter][679]:Located managed bean 'org.springframework.integration:type=MessageHandler,name=errorLogger,bean=internal': registering with JMX server as MBean [org.springframework.integration:type=MessageHandler,name=errorLogger,bean=internal]
[2019-10-16 10:47:01.037][main][INFO][org.springframework.jmx.export.MBeanExporter][431]:Registering beans for JMX exposure on startup
[2019-10-16 10:47:01.061][main][INFO][org.springframework.context.support.DefaultLifecycleProcessor$LifecycleGroup][345]:Starting beans in phase 0
[2019-10-16 10:47:01.092][main][INFO][org.springframework.cloud.netflix.eureka.InstanceInfoFactory][71]:Setting initial instance status as: STARTING
[2019-10-16 10:47:01.256][main][INFO][com.netflix.discovery.DiscoveryClient][347]:Initializing Eureka in region us-east-1
[2019-10-16 10:47:02.105][main][INFO][com.netflix.discovery.provider.DiscoveryJerseyProvider][70]:Using JSON encoding codec LegacyJacksonJson
[2019-10-16 10:47:02.107][main][INFO][com.netflix.discovery.provider.DiscoveryJerseyProvider][71]:Using JSON decoding codec LegacyJacksonJson
[2019-10-16 10:47:02.549][main][INFO][com.netflix.discovery.provider.DiscoveryJerseyProvider][80]:Using XML encoding codec XStreamXml
[2019-10-16 10:47:02.550][main][INFO][com.netflix.discovery.provider.DiscoveryJerseyProvider][81]:Using XML decoding codec XStreamXml
[2019-10-16 10:47:04.391][main][INFO][com.netflix.discovery.shared.resolver.aws.ConfigClusterResolver][43]:Resolving eureka endpoints via configuration
[2019-10-16 10:47:04.801][main][INFO][com.netflix.discovery.DiscoveryClient][934]:Disable delta property : false
[2019-10-16 10:47:04.801][main][INFO][com.netflix.discovery.DiscoveryClient][935]:Single vip registry refresh property : null
[2019-10-16 10:47:04.802][main][INFO][com.netflix.discovery.DiscoveryClient][936]:Force full registry fetch : false
[2019-10-16 10:47:04.803][main][INFO][com.netflix.discovery.DiscoveryClient][937]:Application is null : false
[2019-10-16 10:47:04.804][main][INFO][com.netflix.discovery.DiscoveryClient][938]:Registered Applications size is zero : true
[2019-10-16 10:47:04.804][main][INFO][com.netflix.discovery.DiscoveryClient][940]:Application version is -1: true
[2019-10-16 10:47:04.805][main][INFO][com.netflix.discovery.DiscoveryClient][1023]:Getting all instance registry info from the eureka server
[2019-10-16 10:47:05.268][main][INFO][com.netflix.discovery.DiscoveryClient][1032]:The response status is 200
[2019-10-16 10:47:05.273][main][INFO][com.netflix.discovery.DiscoveryClient][1258]:Starting heartbeat executor: renew interval is: 30
[2019-10-16 10:47:05.279][main][INFO][com.netflix.discovery.InstanceInfoReplicator][59]:InstanceInfoReplicator onDemand update allowed rate per min is 4
[2019-10-16 10:47:05.310][main][INFO][com.netflix.discovery.DiscoveryClient][434]:Discovery Client initialized at timestamp 1571194025283 with initial instances count: 7
[2019-10-16 10:47:05.455][main][INFO][org.springframework.cloud.netflix.eureka.serviceregistry.EurekaServiceRegistry][40]:Registering application wisdom-policing886 with eureka with status UP
[2019-10-16 10:47:05.457][main][INFO][com.netflix.discovery.DiscoveryClient$3][1293]:Saw local status change event StatusChangeEvent [timestamp=1571194025457, current=UP, previous=STARTING]
[2019-10-16 10:47:05.482][DiscoveryClient-InstanceInfoReplicator-0][INFO][com.netflix.discovery.DiscoveryClient][804]:DiscoveryClient_WISDOM-POLICING886/10.0.8.217:wisdom-policing886:8310: registering service...
[2019-10-16 10:47:05.493][main][INFO][org.springframework.jmx.export.MBeanExporter][679]:Located managed bean 'auditEventsEndpoint': registering with JMX server as MBean [org.springframework.boot:type=Endpoint,name=auditEventsEndpoint]
[2019-10-16 10:47:05.509][main][INFO][org.springframework.jmx.export.MBeanExporter][679]:Located managed bean 'archaiusEndpoint': registering with JMX server as MBean [org.springframework.boot:type=Endpoint,name=archaiusEndpoint]
[2019-10-16 10:47:05.526][main][INFO][org.springframework.jmx.export.MBeanExporter][679]:Located managed bean 'featuresEndpoint': registering with JMX server as MBean [org.springframework.boot:type=Endpoint,name=featuresEndpoint]
[2019-10-16 10:47:05.531][main][INFO][org.springframework.jmx.export.MBeanExporter][679]:Located managed bean 'requestMappingEndpoint': registering with JMX server as MBean [org.springframework.boot:type=Endpoint,name=requestMappingEndpoint]
[2019-10-16 10:47:05.540][main][INFO][org.springframework.jmx.export.MBeanExporter][679]:Located managed bean 'environmentEndpoint': registering with JMX server as MBean [org.springframework.boot:type=Endpoint,name=environmentEndpoint]
[2019-10-16 10:47:05.545][main][INFO][org.springframework.jmx.export.MBeanExporter][679]:Located managed bean 'healthEndpoint': registering with JMX server as MBean [org.springframework.boot:type=Endpoint,name=healthEndpoint]
[2019-10-16 10:47:05.552][main][INFO][org.springframework.jmx.export.MBeanExporter][679]:Located managed bean 'beansEndpoint': registering with JMX server as MBean [org.springframework.boot:type=Endpoint,name=beansEndpoint]
[2019-10-16 10:47:05.567][DiscoveryClient-InstanceInfoReplicator-0][INFO][com.netflix.discovery.DiscoveryClient][813]:DiscoveryClient_WISDOM-POLICING886/10.0.8.217:wisdom-policing886:8310 - registration status: 204
[2019-10-16 10:47:05.576][main][INFO][org.springframework.jmx.export.MBeanExporter][679]:Located managed bean 'infoEndpoint': registering with JMX server as MBean [org.springframework.boot:type=Endpoint,name=infoEndpoint]
[2019-10-16 10:47:05.580][main][INFO][org.springframework.jmx.export.MBeanExporter][679]:Located managed bean 'loggersEndpoint': registering with JMX server as MBean [org.springframework.boot:type=Endpoint,name=loggersEndpoint]
[2019-10-16 10:47:05.595][main][INFO][org.springframework.jmx.export.MBeanExporter][679]:Located managed bean 'metricsEndpoint': registering with JMX server as MBean [org.springframework.boot:type=Endpoint,name=metricsEndpoint]
[2019-10-16 10:47:05.603][main][INFO][org.springframework.jmx.export.MBeanExporter][679]:Located managed bean 'traceEndpoint': registering with JMX server as MBean [org.springframework.boot:type=Endpoint,name=traceEndpoint]
[2019-10-16 10:47:05.612][main][INFO][org.springframework.jmx.export.MBeanExporter][679]:Located managed bean 'dumpEndpoint': registering with JMX server as MBean [org.springframework.boot:type=Endpoint,name=dumpEndpoint]
[2019-10-16 10:47:05.616][main][INFO][org.springframework.jmx.export.MBeanExporter][679]:Located managed bean 'autoConfigurationReportEndpoint': registering with JMX server as MBean [org.springframework.boot:type=Endpoint,name=autoConfigurationReportEndpoint]
[2019-10-16 10:47:05.621][main][INFO][org.springframework.jmx.export.MBeanExporter][679]:Located managed bean 'configurationPropertiesReportEndpoint': registering with JMX server as MBean [org.springframework.boot:type=Endpoint,name=configurationPropertiesReportEndpoint]
[2019-10-16 10:47:05.624][main][INFO][org.springframework.integration.endpoint.EventDrivenConsumer][108]:Adding {logging-channel-adapter:_org.springframework.integration.errorLogger} as a subscriber to the 'errorChannel' channel
[2019-10-16 10:47:05.625][main][INFO][org.springframework.integration.channel.AbstractSubscribableChannel][81]:Channel 'wisdom-policing886:dev:8310.errorChannel' has 1 subscriber(s).
[2019-10-16 10:47:05.626][main][INFO][org.springframework.integration.endpoint.AbstractEndpoint][120]:started _org.springframework.integration.errorLogger
[2019-10-16 10:47:05.626][main][INFO][org.springframework.context.support.DefaultLifecycleProcessor$LifecycleGroup][345]:Starting beans in phase 2147483647
[2019-10-16 10:47:05.666][main][INFO][org.apache.juli.logging.DirectJDKLog][180]:Starting ProtocolHandler ["http-nio-8310"]
[2019-10-16 10:47:05.728][main][INFO][org.apache.juli.logging.DirectJDKLog][180]:Using a shared selector for servlet write/read
[2019-10-16 10:47:05.852][main][INFO][org.springframework.boot.context.embedded.tomcat.TomcatEmbeddedServletContainer][216]:Tomcat started on port(s): 8310 (http)
[2019-10-16 10:47:05.853][main][INFO][org.springframework.cloud.netflix.eureka.serviceregistry.EurekaAutoServiceRegistration][124]:Updating port to 8310
[2019-10-16 10:47:05.863][main][INFO][org.springframework.boot.StartupInfoLogger][57]:Started KafkaToHabseApp in 27.68 seconds (JVM running for 29.172)
[2019-10-16 10:47:47.355][main][INFO][org.springframework.boot.SpringApplication][597]:The following profiles are active: dev
[2019-10-16 10:47:47.384][main][INFO][org.springframework.context.support.AbstractApplicationContext][583]:Refreshing org.springframework.boot.context.embedded.AnnotationConfigEmbeddedWebApplicationContext@67ef029: startup date [Wed Oct 16 10:47:47 CST 2019]; parent: org.springframework.context.annotation.AnnotationConfigApplicationContext@20bd8be5
[2019-10-16 10:47:49.235][main][INFO][org.springframework.integration.config.IntegrationRegistrar][341]:No bean named 'integrationHeaderChannelRegistry' has been explicitly defined. Therefore, a default DefaultHeaderChannelRegistry will be created.
[2019-10-16 10:47:49.493][main][INFO][org.springframework.data.repository.config.RepositoryConfigurationDelegate][165]:Multiple Spring Data modules found, entering strict repository configuration mode!
[2019-10-16 10:47:50.465][main][INFO][org.springframework.cloud.context.scope.GenericScope][288]:BeanFactory id=0a4cbee5-7535-3109-a425-82e585f52cad
[2019-10-16 10:47:50.493][main][INFO][org.springframework.integration.config.DefaultConfiguringBeanFactoryPostProcessor][130]:No bean named 'errorChannel' has been explicitly defined. Therefore, a default PublishSubscribeChannel will be created.
[2019-10-16 10:47:50.506][main][INFO][org.springframework.integration.config.DefaultConfiguringBeanFactoryPostProcessor][158]:No bean named 'taskScheduler' has been explicitly defined. Therefore, a default ThreadPoolTaskScheduler will be created.
[2019-10-16 10:47:50.532][main][INFO][org.springframework.beans.factory.annotation.AutowiredAnnotationBeanPostProcessor][155]:JSR-330 'javax.inject.Inject' annotation found and supported for autowiring
[2019-10-16 10:47:50.787][main][INFO][org.springframework.context.support.PostProcessorRegistrationDelegate$BeanPostProcessorChecker][327]:Bean 'org.springframework.kafka.annotation.KafkaBootstrapConfiguration' of type [org.springframework.kafka.annotation.KafkaBootstrapConfiguration$$EnhancerBySpringCGLIB$$6826f68] is not eligible for getting processed by all BeanPostProcessors (for example: not eligible for auto-proxying)
[2019-10-16 10:47:51.005][main][INFO][org.springframework.context.support.PostProcessorRegistrationDelegate$BeanPostProcessorChecker][327]:Bean 'org.springframework.transaction.annotation.ProxyTransactionManagementConfiguration' of type [org.springframework.transaction.annotation.ProxyTransactionManagementConfiguration$$EnhancerBySpringCGLIB$$32d05de5] is not eligible for getting processed by all BeanPostProcessors (for example: not eligible for auto-proxying)
[2019-10-16 10:47:51.486][main][INFO][org.springframework.context.support.PostProcessorRegistrationDelegate$BeanPostProcessorChecker][327]:Bean 'org.springframework.cloud.netflix.metrics.MetricsInterceptorConfiguration$MetricsRestTemplateConfiguration' of type [org.springframework.cloud.netflix.metrics.MetricsInterceptorConfiguration$MetricsRestTemplateConfiguration$$EnhancerBySpringCGLIB$$64fd0426] is not eligible for getting processed by all BeanPostProcessors (for example: not eligible for auto-proxying)
[2019-10-16 10:47:51.578][main][INFO][org.springframework.context.support.PostProcessorRegistrationDelegate$BeanPostProcessorChecker][327]:Bean 'integrationGlobalProperties' of type [org.springframework.beans.factory.config.PropertiesFactoryBean] is not eligible for getting processed by all BeanPostProcessors (for example: not eligible for auto-proxying)
[2019-10-16 10:47:51.582][main][INFO][org.springframework.context.support.PostProcessorRegistrationDelegate$BeanPostProcessorChecker][327]:Bean 'integrationGlobalProperties' of type [java.util.Properties] is not eligible for getting processed by all BeanPostProcessors (for example: not eligible for auto-proxying)
[2019-10-16 10:47:51.671][main][INFO][org.springframework.context.support.PostProcessorRegistrationDelegate$BeanPostProcessorChecker][327]:Bean 'org.springframework.cloud.autoconfigure.ConfigurationPropertiesRebinderAutoConfiguration' of type [org.springframework.cloud.autoconfigure.ConfigurationPropertiesRebinderAutoConfiguration$$EnhancerBySpringCGLIB$$4eea60e2] is not eligible for getting processed by all BeanPostProcessors (for example: not eligible for auto-proxying)
[2019-10-16 10:47:52.835][main][INFO][org.springframework.boot.context.embedded.tomcat.TomcatEmbeddedServletContainer][92]:Tomcat initialized with port(s): 8310 (http)
[2019-10-16 10:47:52.876][main][INFO][org.apache.juli.logging.DirectJDKLog][180]:Initializing ProtocolHandler ["http-nio-8310"]
[2019-10-16 10:47:52.919][main][INFO][org.apache.juli.logging.DirectJDKLog][180]:Starting service [Tomcat]
[2019-10-16 10:47:52.921][main][INFO][org.apache.juli.logging.DirectJDKLog][180]:Starting Servlet Engine: Apache Tomcat/8.5.35
[2019-10-16 10:47:53.473][localhost-startStop-1][INFO][org.apache.juli.logging.DirectJDKLog][180]:Initializing Spring embedded WebApplicationContext
[2019-10-16 10:47:53.474][localhost-startStop-1][INFO][org.springframework.boot.context.embedded.EmbeddedWebApplicationContext][287]:Root WebApplicationContext: initialization completed in 6090 ms
[2019-10-16 10:47:54.509][localhost-startStop-1][INFO][org.springframework.boot.web.servlet.ServletRegistrationBean][191]:Mapping servlet: 'dispatcherServlet' to [/]
[2019-10-16 10:47:54.511][localhost-startStop-1][INFO][org.springframework.boot.web.servlet.ServletRegistrationBean][191]:Mapping servlet: 'statViewServlet' to [/druid/*]
[2019-10-16 10:47:54.519][localhost-startStop-1][INFO][org.springframework.boot.web.servlet.AbstractFilterRegistrationBean][259]:Mapping filter: 'metricsFilter' to: [/*]
[2019-10-16 10:47:54.522][localhost-startStop-1][INFO][org.springframework.boot.web.servlet.AbstractFilterRegistrationBean][259]:Mapping filter: 'characterEncodingFilter' to: [/*]
[2019-10-16 10:47:54.522][localhost-startStop-1][INFO][org.springframework.boot.web.servlet.AbstractFilterRegistrationBean][259]:Mapping filter: 'hiddenHttpMethodFilter' to: [/*]
[2019-10-16 10:47:54.523][localhost-startStop-1][INFO][org.springframework.boot.web.servlet.AbstractFilterRegistrationBean][259]:Mapping filter: 'httpPutFormContentFilter' to: [/*]
[2019-10-16 10:47:54.523][localhost-startStop-1][INFO][org.springframework.boot.web.servlet.AbstractFilterRegistrationBean][259]:Mapping filter: 'requestContextFilter' to: [/*]
[2019-10-16 10:47:54.524][localhost-startStop-1][INFO][org.springframework.boot.web.servlet.AbstractFilterRegistrationBean][259]:Mapping filter: 'webRequestLoggingFilter' to: [/*]
[2019-10-16 10:47:54.524][localhost-startStop-1][INFO][org.springframework.boot.web.servlet.AbstractFilterRegistrationBean][272]:Mapping filter: 'webStatFilter' to urls: [/*]
[2019-10-16 10:47:54.525][localhost-startStop-1][INFO][org.springframework.boot.web.servlet.AbstractFilterRegistrationBean][259]:Mapping filter: 'applicationContextIdFilter' to: [/*]
[2019-10-16 10:47:55.053][main][INFO][com.netflix.config.sources.URLConfigurationSource][122]:To enable URLs as dynamic configuration sources, define System property archaius.configurationSource.additionalUrls or make config.properties available on classpath.
[2019-10-16 10:47:55.071][main][INFO][com.netflix.config.sources.URLConfigurationSource][122]:To enable URLs as dynamic configuration sources, define System property archaius.configurationSource.additionalUrls or make config.properties available on classpath.
[2019-10-16 10:47:55.903][main][INFO][org.springframework.web.servlet.mvc.method.annotation.RequestMappingHandlerAdapter][556]:Looking for @ControllerAdvice: org.springframework.boot.context.embedded.AnnotationConfigEmbeddedWebApplicationContext@67ef029: startup date [Wed Oct 16 10:47:47 CST 2019]; parent: org.springframework.context.annotation.AnnotationConfigApplicationContext@20bd8be5
[2019-10-16 10:47:56.124][main][INFO][org.springframework.web.servlet.handler.AbstractHandlerMethodMapping$MappingRegistry][544]:Mapped "{[/error]}" onto public org.springframework.http.ResponseEntity<java.util.Map<java.lang.String, java.lang.Object>> org.springframework.boot.autoconfigure.web.BasicErrorController.error(javax.servlet.http.HttpServletRequest)
[2019-10-16 10:47:56.126][main][INFO][org.springframework.web.servlet.handler.AbstractHandlerMethodMapping$MappingRegistry][544]:Mapped "{[/error],produces=[text/html]}" onto public org.springframework.web.servlet.ModelAndView org.springframework.boot.autoconfigure.web.BasicErrorController.errorHtml(javax.servlet.http.HttpServletRequest,javax.servlet.http.HttpServletResponse)
[2019-10-16 10:47:56.233][main][INFO][org.springframework.web.servlet.handler.AbstractUrlHandlerMapping][362]:Mapped URL path [/webjars/**] onto handler of type [class org.springframework.web.servlet.resource.ResourceHttpRequestHandler]
[2019-10-16 10:47:56.234][main][INFO][org.springframework.web.servlet.handler.AbstractUrlHandlerMapping][362]:Mapped URL path [/**] onto handler of type [class org.springframework.web.servlet.resource.ResourceHttpRequestHandler]
[2019-10-16 10:47:56.355][main][INFO][org.springframework.web.servlet.handler.AbstractUrlHandlerMapping][362]:Mapped URL path [/**/favicon.ico] onto handler of type [class org.springframework.web.servlet.resource.ResourceHttpRequestHandler]
[2019-10-16 10:47:59.055][main][INFO][com.alibaba.druid.spring.boot.autoconfigure.DruidDataSourceAutoConfigure][56]:Init DruidDataSource
[2019-10-16 10:48:00.140][main][INFO][com.alibaba.druid.pool.DruidDataSource][930]:{dataSource-1} inited
[2019-10-16 10:48:01.697][main][INFO][org.springframework.scheduling.concurrent.ExecutorConfigurationSupport][166]:Initializing ExecutorService 'taskScheduler'
[2019-10-16 10:48:02.197][main][INFO][org.springframework.web.servlet.handler.AbstractHandlerMethodMapping$MappingRegistry][544]:Mapped "{[/heapdump || /heapdump.json],methods=[GET],produces=[application/octet-stream]}" onto public void org.springframework.boot.actuate.endpoint.mvc.HeapdumpMvcEndpoint.invoke(boolean,javax.servlet.http.HttpServletRequest,javax.servlet.http.HttpServletResponse) throws java.io.IOException,javax.servlet.ServletException
[2019-10-16 10:48:02.198][main][INFO][org.springframework.web.servlet.handler.AbstractHandlerMethodMapping$MappingRegistry][544]:Mapped "{[/features || /features.json],methods=[GET],produces=[application/vnd.spring-boot.actuator.v1+json || application/json]}" onto public java.lang.Object org.springframework.boot.actuate.endpoint.mvc.EndpointMvcAdapter.invoke()
[2019-10-16 10:48:02.199][main][INFO][org.springframework.web.servlet.handler.AbstractHandlerMethodMapping$MappingRegistry][544]:Mapped "{[/refresh || /refresh.json],methods=[POST]}" onto public java.lang.Object org.springframework.cloud.endpoint.GenericPostableMvcEndpoint.invoke()
[2019-10-16 10:48:02.200][main][INFO][org.springframework.web.servlet.handler.AbstractHandlerMethodMapping$MappingRegistry][544]:Mapped "{[/beans || /beans.json],methods=[GET],produces=[application/vnd.spring-boot.actuator.v1+json || application/json]}" onto public java.lang.Object org.springframework.boot.actuate.endpoint.mvc.EndpointMvcAdapter.invoke()
[2019-10-16 10:48:02.202][main][INFO][org.springframework.web.servlet.handler.AbstractHandlerMethodMapping$MappingRegistry][544]:Mapped "{[/env/{name:.*}],methods=[GET],produces=[application/vnd.spring-boot.actuator.v1+json || application/json]}" onto public java.lang.Object org.springframework.boot.actuate.endpoint.mvc.EnvironmentMvcEndpoint.value(java.lang.String)
[2019-10-16 10:48:02.203][main][INFO][org.springframework.web.servlet.handler.AbstractHandlerMethodMapping$MappingRegistry][544]:Mapped "{[/env || /env.json],methods=[GET],produces=[application/vnd.spring-boot.actuator.v1+json || application/json]}" onto public java.lang.Object org.springframework.boot.actuate.endpoint.mvc.EndpointMvcAdapter.invoke()
[2019-10-16 10:48:02.204][main][INFO][org.springframework.web.servlet.handler.AbstractHandlerMethodMapping$MappingRegistry][544]:Mapped "{[/auditevents || /auditevents.json],methods=[GET],produces=[application/vnd.spring-boot.actuator.v1+json || application/json]}" onto public org.springframework.http.ResponseEntity<?> org.springframework.boot.actuate.endpoint.mvc.AuditEventsMvcEndpoint.findByPrincipalAndAfterAndType(java.lang.String,java.util.Date,java.lang.String)
[2019-10-16 10:48:02.205][main][INFO][org.springframework.web.servlet.handler.AbstractHandlerMethodMapping$MappingRegistry][544]:Mapped "{[/info || /info.json],methods=[GET],produces=[application/vnd.spring-boot.actuator.v1+json || application/json]}" onto public java.lang.Object org.springframework.boot.actuate.endpoint.mvc.EndpointMvcAdapter.invoke()
[2019-10-16 10:48:02.207][main][INFO][org.springframework.web.servlet.handler.AbstractHandlerMethodMapping$MappingRegistry][544]:Mapped "{[/health || /health.json],methods=[GET],produces=[application/vnd.spring-boot.actuator.v1+json || application/json]}" onto public java.lang.Object org.springframework.boot.actuate.endpoint.mvc.HealthMvcEndpoint.invoke(javax.servlet.http.HttpServletRequest,java.security.Principal)
[2019-10-16 10:48:02.213][main][INFO][org.springframework.web.servlet.handler.AbstractHandlerMethodMapping$MappingRegistry][544]:Mapped "{[/loggers/{name:.*}],methods=[GET],produces=[application/vnd.spring-boot.actuator.v1+json || application/json]}" onto public java.lang.Object org.springframework.boot.actuate.endpoint.mvc.LoggersMvcEndpoint.get(java.lang.String)
[2019-10-16 10:48:02.214][main][INFO][org.springframework.web.servlet.handler.AbstractHandlerMethodMapping$MappingRegistry][544]:Mapped "{[/loggers/{name:.*}],methods=[POST],consumes=[application/vnd.spring-boot.actuator.v1+json || application/json],produces=[application/vnd.spring-boot.actuator.v1+json || application/json]}" onto public java.lang.Object org.springframework.boot.actuate.endpoint.mvc.LoggersMvcEndpoint.set(java.lang.String,java.util.Map<java.lang.String, java.lang.String>)
[2019-10-16 10:48:02.215][main][INFO][org.springframework.web.servlet.handler.AbstractHandlerMethodMapping$MappingRegistry][544]:Mapped "{[/loggers || /loggers.json],methods=[GET],produces=[application/vnd.spring-boot.actuator.v1+json || application/json]}" onto public java.lang.Object org.springframework.boot.actuate.endpoint.mvc.EndpointMvcAdapter.invoke()
[2019-10-16 10:48:02.216][main][INFO][org.springframework.web.servlet.handler.AbstractHandlerMethodMapping$MappingRegistry][544]:Mapped "{[/autoconfig || /autoconfig.json],methods=[GET],produces=[application/vnd.spring-boot.actuator.v1+json || application/json]}" onto public java.lang.Object org.springframework.boot.actuate.endpoint.mvc.EndpointMvcAdapter.invoke()
[2019-10-16 10:48:02.224][main][INFO][org.springframework.web.servlet.handler.AbstractHandlerMethodMapping$MappingRegistry][544]:Mapped "{[/service-registry/instance-status],methods=[GET]}" onto public org.springframework.http.ResponseEntity org.springframework.cloud.client.serviceregistry.endpoint.ServiceRegistryEndpoint.getStatus()
[2019-10-16 10:48:02.226][main][INFO][org.springframework.web.servlet.handler.AbstractHandlerMethodMapping$MappingRegistry][544]:Mapped "{[/service-registry/instance-status],methods=[POST]}" onto public org.springframework.http.ResponseEntity<?> org.springframework.cloud.client.serviceregistry.endpoint.ServiceRegistryEndpoint.setStatus(java.lang.String)
[2019-10-16 10:48:02.229][main][INFO][org.springframework.web.servlet.handler.AbstractHandlerMethodMapping$MappingRegistry][544]:Mapped "{[/configprops || /configprops.json],methods=[GET],produces=[application/vnd.spring-boot.actuator.v1+json || application/json]}" onto public java.lang.Object org.springframework.boot.actuate.endpoint.mvc.EndpointMvcAdapter.invoke()
[2019-10-16 10:48:02.230][main][INFO][org.springframework.web.servlet.handler.AbstractHandlerMethodMapping$MappingRegistry][544]:Mapped "{[/trace || /trace.json],methods=[GET],produces=[application/vnd.spring-boot.actuator.v1+json || application/json]}" onto public java.lang.Object org.springframework.boot.actuate.endpoint.mvc.EndpointMvcAdapter.invoke()
[2019-10-16 10:48:02.231][main][INFO][org.springframework.web.servlet.handler.AbstractHandlerMethodMapping$MappingRegistry][544]:Mapped "{[/mappings || /mappings.json],methods=[GET],produces=[application/vnd.spring-boot.actuator.v1+json || application/json]}" onto public java.lang.Object org.springframework.boot.actuate.endpoint.mvc.EndpointMvcAdapter.invoke()
[2019-10-16 10:48:02.232][main][INFO][org.springframework.web.servlet.handler.AbstractHandlerMethodMapping$MappingRegistry][544]:Mapped "{[/dump || /dump.json],methods=[GET],produces=[application/vnd.spring-boot.actuator.v1+json || application/json]}" onto public java.lang.Object org.springframework.boot.actuate.endpoint.mvc.EndpointMvcAdapter.invoke()
[2019-10-16 10:48:02.234][main][INFO][org.springframework.web.servlet.handler.AbstractHandlerMethodMapping$MappingRegistry][544]:Mapped "{[/metrics/{name:.*}],methods=[GET],produces=[application/vnd.spring-boot.actuator.v1+json || application/json]}" onto public java.lang.Object org.springframework.boot.actuate.endpoint.mvc.MetricsMvcEndpoint.value(java.lang.String)
[2019-10-16 10:48:02.234][main][INFO][org.springframework.web.servlet.handler.AbstractHandlerMethodMapping$MappingRegistry][544]:Mapped "{[/metrics || /metrics.json],methods=[GET],produces=[application/vnd.spring-boot.actuator.v1+json || application/json]}" onto public java.lang.Object org.springframework.boot.actuate.endpoint.mvc.EndpointMvcAdapter.invoke()
[2019-10-16 10:48:02.235][main][INFO][org.springframework.web.servlet.handler.AbstractHandlerMethodMapping$MappingRegistry][544]:Mapped "{[/env],methods=[POST]}" onto public java.lang.Object org.springframework.cloud.context.environment.EnvironmentManagerMvcEndpoint.value(java.util.Map<java.lang.String, java.lang.String>)
[2019-10-16 10:48:02.236][main][INFO][org.springframework.web.servlet.handler.AbstractHandlerMethodMapping$MappingRegistry][544]:Mapped "{[/env/reset],methods=[POST]}" onto public java.util.Map<java.lang.String, java.lang.Object> org.springframework.cloud.context.environment.EnvironmentManagerMvcEndpoint.reset()
[2019-10-16 10:48:02.238][main][INFO][org.springframework.web.servlet.handler.AbstractHandlerMethodMapping$MappingRegistry][544]:Mapped "{[/archaius || /archaius.json],methods=[GET],produces=[application/vnd.spring-boot.actuator.v1+json || application/json]}" onto public java.lang.Object org.springframework.boot.actuate.endpoint.mvc.EndpointMvcAdapter.invoke()
[2019-10-16 10:48:02.922][main][INFO][org.springframework.ui.freemarker.SpringTemplateLoader][61]:SpringTemplateLoader for FreeMarker: using resource loader [org.springframework.boot.context.embedded.AnnotationConfigEmbeddedWebApplicationContext@67ef029: startup date [Wed Oct 16 10:47:47 CST 2019]; parent: org.springframework.context.annotation.AnnotationConfigApplicationContext@20bd8be5] and template loader path [classpath:/templates/]
[2019-10-16 10:48:02.925][main][INFO][org.springframework.web.servlet.view.freemarker.FreeMarkerConfigurer][127]:ClassTemplateLoader for Spring macros added to FreeMarker configuration
[2019-10-16 10:48:03.906][main][INFO][org.springframework.integration.codec.kryo.CompositeKryoRegistrar][74]:configured Kryo registration [40, java.io.File] with serializer org.springframework.integration.codec.kryo.FileSerializer
[2019-10-16 10:48:04.201][main][INFO][org.springframework.jmx.export.MBeanExporter][431]:Registering beans for JMX exposure on startup
[2019-10-16 10:48:04.204][main][INFO][org.springframework.jmx.export.MBeanExporter][918]:Bean with name 'statFilter' has been autodetected for JMX exposure
[2019-10-16 10:48:04.205][main][INFO][org.springframework.jmx.export.MBeanExporter][918]:Bean with name 'dataSource' has been autodetected for JMX exposure
[2019-10-16 10:48:04.222][main][INFO][org.springframework.jmx.export.MBeanExporter][918]:Bean with name 'integrationMbeanExporter' has been autodetected for JMX exposure
[2019-10-16 10:48:04.225][main][INFO][org.springframework.jmx.export.MBeanExporter][918]:Bean with name 'configurationPropertiesRebinder' has been autodetected for JMX exposure
[2019-10-16 10:48:04.227][main][INFO][org.springframework.jmx.export.MBeanExporter][918]:Bean with name 'refreshEndpoint' has been autodetected for JMX exposure
[2019-10-16 10:48:04.228][main][INFO][org.springframework.jmx.export.MBeanExporter][918]:Bean with name 'environmentManager' has been autodetected for JMX exposure
[2019-10-16 10:48:04.230][main][INFO][org.springframework.jmx.export.MBeanExporter][918]:Bean with name 'serviceRegistryEndpoint' has been autodetected for JMX exposure
[2019-10-16 10:48:04.231][main][INFO][org.springframework.jmx.export.MBeanExporter][918]:Bean with name 'refreshScope' has been autodetected for JMX exposure
[2019-10-16 10:48:04.236][main][INFO][org.springframework.jmx.export.MBeanExporter][679]:Located managed bean 'environmentManager': registering with JMX server as MBean [org.springframework.cloud.context.environment:name=environmentManager,type=EnvironmentManager]
[2019-10-16 10:48:04.274][main][INFO][org.springframework.jmx.export.MBeanExporter][679]:Located managed bean 'serviceRegistryEndpoint': registering with JMX server as MBean [org.springframework.cloud.client.serviceregistry.endpoint:name=serviceRegistryEndpoint,type=ServiceRegistryEndpoint]
[2019-10-16 10:48:04.288][main][INFO][org.springframework.jmx.export.MBeanExporter][679]:Located managed bean 'refreshScope': registering with JMX server as MBean [org.springframework.cloud.context.scope.refresh:name=refreshScope,type=RefreshScope]
[2019-10-16 10:48:04.336][main][INFO][org.springframework.jmx.export.MBeanExporter][679]:Located managed bean 'integrationMbeanExporter': registering with JMX server as MBean [org.springframework.integration.monitor:name=integrationMbeanExporter,type=IntegrationMBeanExporter]
[2019-10-16 10:48:04.400][main][INFO][org.springframework.jmx.export.MBeanExporter][679]:Located managed bean 'configurationPropertiesRebinder': registering with JMX server as MBean [org.springframework.cloud.context.properties:name=configurationPropertiesRebinder,context=67ef029,type=ConfigurationPropertiesRebinder]
[2019-10-16 10:48:04.405][main][INFO][org.springframework.jmx.export.MBeanExporter][672]:Located MBean 'dataSource': registering with JMX server as MBean [com.alibaba.druid.spring.boot.autoconfigure:name=dataSource,type=DruidDataSourceWrapper]
[2019-10-16 10:48:04.408][main][INFO][org.springframework.jmx.export.MBeanExporter][679]:Located managed bean 'refreshEndpoint': registering with JMX server as MBean [org.springframework.cloud.endpoint:name=refreshEndpoint,type=RefreshEndpoint]
[2019-10-16 10:48:04.416][main][INFO][org.springframework.jmx.export.MBeanExporter][672]:Located MBean 'statFilter': registering with JMX server as MBean [com.alibaba.druid.filter.stat:name=statFilter,type=StatFilter]
[2019-10-16 10:48:04.426][main][INFO][org.springframework.jmx.export.MBeanExporter][431]:Registering beans for JMX exposure on startup
[2019-10-16 10:48:04.426][main][INFO][org.springframework.integration.monitor.IntegrationMBeanExporter][647]:Registering MessageChannel nullChannel
[2019-10-16 10:48:04.434][main][INFO][org.springframework.jmx.export.MBeanExporter][679]:Located managed bean 'org.springframework.integration:type=MessageChannel,name=nullChannel': registering with JMX server as MBean [org.springframework.integration:type=MessageChannel,name=nullChannel]
[2019-10-16 10:48:04.453][main][INFO][org.springframework.integration.monitor.IntegrationMBeanExporter][647]:Registering MessageChannel errorChannel
[2019-10-16 10:48:04.457][main][INFO][org.springframework.jmx.export.MBeanExporter][679]:Located managed bean 'org.springframework.integration:type=MessageChannel,name=errorChannel': registering with JMX server as MBean [org.springframework.integration:type=MessageChannel,name=errorChannel]
[2019-10-16 10:48:04.559][main][INFO][org.springframework.integration.monitor.IntegrationMBeanExporter][664]:Registering MessageHandler errorLogger
[2019-10-16 10:48:04.562][main][INFO][org.springframework.jmx.export.MBeanExporter][679]:Located managed bean 'org.springframework.integration:type=MessageHandler,name=errorLogger,bean=internal': registering with JMX server as MBean [org.springframework.integration:type=MessageHandler,name=errorLogger,bean=internal]
[2019-10-16 10:48:04.593][main][INFO][org.springframework.jmx.export.MBeanExporter][431]:Registering beans for JMX exposure on startup
[2019-10-16 10:48:04.622][main][INFO][org.springframework.context.support.DefaultLifecycleProcessor$LifecycleGroup][345]:Starting beans in phase 0
[2019-10-16 10:48:04.645][main][INFO][org.springframework.cloud.netflix.eureka.InstanceInfoFactory][71]:Setting initial instance status as: STARTING
[2019-10-16 10:48:04.797][main][INFO][com.netflix.discovery.DiscoveryClient][347]:Initializing Eureka in region us-east-1
[2019-10-16 10:48:05.809][main][INFO][com.netflix.discovery.provider.DiscoveryJerseyProvider][70]:Using JSON encoding codec LegacyJacksonJson
[2019-10-16 10:48:05.810][main][INFO][com.netflix.discovery.provider.DiscoveryJerseyProvider][71]:Using JSON decoding codec LegacyJacksonJson
[2019-10-16 10:48:06.064][main][INFO][com.netflix.discovery.provider.DiscoveryJerseyProvider][80]:Using XML encoding codec XStreamXml
[2019-10-16 10:48:06.065][main][INFO][com.netflix.discovery.provider.DiscoveryJerseyProvider][81]:Using XML decoding codec XStreamXml
[2019-10-16 10:48:07.494][main][INFO][com.netflix.discovery.shared.resolver.aws.ConfigClusterResolver][43]:Resolving eureka endpoints via configuration
[2019-10-16 10:48:07.806][main][INFO][com.netflix.discovery.DiscoveryClient][934]:Disable delta property : false
[2019-10-16 10:48:07.806][main][INFO][com.netflix.discovery.DiscoveryClient][935]:Single vip registry refresh property : null
[2019-10-16 10:48:07.807][main][INFO][com.netflix.discovery.DiscoveryClient][936]:Force full registry fetch : false
[2019-10-16 10:48:07.807][main][INFO][com.netflix.discovery.DiscoveryClient][937]:Application is null : false
[2019-10-16 10:48:07.808][main][INFO][com.netflix.discovery.DiscoveryClient][938]:Registered Applications size is zero : true
[2019-10-16 10:48:07.808][main][INFO][com.netflix.discovery.DiscoveryClient][940]:Application version is -1: true
[2019-10-16 10:48:07.809][main][INFO][com.netflix.discovery.DiscoveryClient][1023]:Getting all instance registry info from the eureka server
[2019-10-16 10:48:08.241][main][INFO][com.netflix.discovery.DiscoveryClient][1032]:The response status is 200
[2019-10-16 10:48:08.244][main][INFO][com.netflix.discovery.DiscoveryClient][1258]:Starting heartbeat executor: renew interval is: 30
[2019-10-16 10:48:08.252][main][INFO][com.netflix.discovery.InstanceInfoReplicator][59]:InstanceInfoReplicator onDemand update allowed rate per min is 4
[2019-10-16 10:48:08.258][main][INFO][com.netflix.discovery.DiscoveryClient][434]:Discovery Client initialized at timestamp 1571194088257 with initial instances count: 8
[2019-10-16 10:48:08.278][main][INFO][org.springframework.cloud.netflix.eureka.serviceregistry.EurekaServiceRegistry][40]:Registering application kafkatohbase with eureka with status UP
[2019-10-16 10:48:08.281][main][INFO][com.netflix.discovery.DiscoveryClient$3][1293]:Saw local status change event StatusChangeEvent [timestamp=1571194088281, current=UP, previous=STARTING]
[2019-10-16 10:48:08.288][DiscoveryClient-InstanceInfoReplicator-0][INFO][com.netflix.discovery.DiscoveryClient][804]:DiscoveryClient_KAFKATOHBASE/10.0.8.217:kafkatohbase:8310: registering service...
[2019-10-16 10:48:08.294][main][INFO][org.springframework.jmx.export.MBeanExporter][679]:Located managed bean 'auditEventsEndpoint': registering with JMX server as MBean [org.springframework.boot:type=Endpoint,name=auditEventsEndpoint]
[2019-10-16 10:48:08.306][main][INFO][org.springframework.jmx.export.MBeanExporter][679]:Located managed bean 'archaiusEndpoint': registering with JMX server as MBean [org.springframework.boot:type=Endpoint,name=archaiusEndpoint]
[2019-10-16 10:48:08.323][main][INFO][org.springframework.jmx.export.MBeanExporter][679]:Located managed bean 'featuresEndpoint': registering with JMX server as MBean [org.springframework.boot:type=Endpoint,name=featuresEndpoint]
[2019-10-16 10:48:08.329][main][INFO][org.springframework.jmx.export.MBeanExporter][679]:Located managed bean 'requestMappingEndpoint': registering with JMX server as MBean [org.springframework.boot:type=Endpoint,name=requestMappingEndpoint]
[2019-10-16 10:48:08.358][main][INFO][org.springframework.jmx.export.MBeanExporter][679]:Located managed bean 'environmentEndpoint': registering with JMX server as MBean [org.springframework.boot:type=Endpoint,name=environmentEndpoint]
[2019-10-16 10:48:08.362][main][INFO][org.springframework.jmx.export.MBeanExporter][679]:Located managed bean 'healthEndpoint': registering with JMX server as MBean [org.springframework.boot:type=Endpoint,name=healthEndpoint]
[2019-10-16 10:48:08.365][main][INFO][org.springframework.jmx.export.MBeanExporter][679]:Located managed bean 'beansEndpoint': registering with JMX server as MBean [org.springframework.boot:type=Endpoint,name=beansEndpoint]
[2019-10-16 10:48:08.369][main][INFO][org.springframework.jmx.export.MBeanExporter][679]:Located managed bean 'infoEndpoint': registering with JMX server as MBean [org.springframework.boot:type=Endpoint,name=infoEndpoint]
[2019-10-16 10:48:08.369][DiscoveryClient-InstanceInfoReplicator-0][INFO][com.netflix.discovery.DiscoveryClient][813]:DiscoveryClient_KAFKATOHBASE/10.0.8.217:kafkatohbase:8310 - registration status: 204
[2019-10-16 10:48:08.372][main][INFO][org.springframework.jmx.export.MBeanExporter][679]:Located managed bean 'loggersEndpoint': registering with JMX server as MBean [org.springframework.boot:type=Endpoint,name=loggersEndpoint]
[2019-10-16 10:48:08.381][main][INFO][org.springframework.jmx.export.MBeanExporter][679]:Located managed bean 'metricsEndpoint': registering with JMX server as MBean [org.springframework.boot:type=Endpoint,name=metricsEndpoint]
[2019-10-16 10:48:08.385][main][INFO][org.springframework.jmx.export.MBeanExporter][679]:Located managed bean 'traceEndpoint': registering with JMX server as MBean [org.springframework.boot:type=Endpoint,name=traceEndpoint]
[2019-10-16 10:48:08.423][main][INFO][org.springframework.jmx.export.MBeanExporter][679]:Located managed bean 'dumpEndpoint': registering with JMX server as MBean [org.springframework.boot:type=Endpoint,name=dumpEndpoint]
[2019-10-16 10:48:08.429][main][INFO][org.springframework.jmx.export.MBeanExporter][679]:Located managed bean 'autoConfigurationReportEndpoint': registering with JMX server as MBean [org.springframework.boot:type=Endpoint,name=autoConfigurationReportEndpoint]
[2019-10-16 10:48:08.432][main][INFO][org.springframework.jmx.export.MBeanExporter][679]:Located managed bean 'configurationPropertiesReportEndpoint': registering with JMX server as MBean [org.springframework.boot:type=Endpoint,name=configurationPropertiesReportEndpoint]
[2019-10-16 10:48:08.434][main][INFO][org.springframework.integration.endpoint.EventDrivenConsumer][108]:Adding {logging-channel-adapter:_org.springframework.integration.errorLogger} as a subscriber to the 'errorChannel' channel
[2019-10-16 10:48:08.435][main][INFO][org.springframework.integration.channel.AbstractSubscribableChannel][81]:Channel 'kafkatohbase:dev:8310.errorChannel' has 1 subscriber(s).
[2019-10-16 10:48:08.436][main][INFO][org.springframework.integration.endpoint.AbstractEndpoint][120]:started _org.springframework.integration.errorLogger
[2019-10-16 10:48:08.437][main][INFO][org.springframework.context.support.DefaultLifecycleProcessor$LifecycleGroup][345]:Starting beans in phase 2147483647
[2019-10-16 10:48:08.474][main][INFO][org.apache.juli.logging.DirectJDKLog][180]:Starting ProtocolHandler ["http-nio-8310"]
[2019-10-16 10:48:08.534][main][INFO][org.apache.juli.logging.DirectJDKLog][180]:Using a shared selector for servlet write/read
[2019-10-16 10:48:08.632][main][INFO][org.springframework.boot.context.embedded.tomcat.TomcatEmbeddedServletContainer][216]:Tomcat started on port(s): 8310 (http)
[2019-10-16 10:48:08.633][main][INFO][org.springframework.cloud.netflix.eureka.serviceregistry.EurekaAutoServiceRegistration][124]:Updating port to 8310
[2019-10-16 10:48:08.649][main][INFO][org.springframework.boot.StartupInfoLogger][57]:Started KafkaToHabseApp in 24.96 seconds (JVM running for 26.951)
